<?xml version="1.0" encoding="UTF-8"?>
<!-- Generated by org.testng.reporters.JUnitReportReporter -->
<testsuite hostname="LAPTOP-6KN3HGT8" failures="0" tests="1" name="MavenProject.ExtentReports.SampleTest" time="10.504" errors="0" timestamp="2022-04-02T10:06:25 EDT" skipped="0">
  <testcase classname="MavenProject.ExtentReports.SampleTest" name="test1" time="10.504"/>
  <system-out/>
</testsuite> <!-- MavenProject.ExtentReports.SampleTest -->
