<?xml version="1.0" encoding="UTF-8"?>
<!-- Generated by org.testng.reporters.JUnitReportReporter -->
<testsuite skipped="0" hostname="LAPTOP-6KN3HGT8" name="MavenProject.ExtentReports.SampleTest" tests="1" failures="0" timestamp="2022-04-07T10:59:37 EDT" time="14.966" errors="0">
  <testcase name="test1" time="14.966" classname="MavenProject.ExtentReports.SampleTest"/>
  <system-out/>
</testsuite> <!-- MavenProject.ExtentReports.SampleTest -->
